<?xml version="1.0" encoding="UTF-8"?>
<!-- Generated by org.testng.reporters.JUnitReportReporter -->
<testsuite skipped="1" hostname="LAPTOP-OJMIMCA0" name="testNg.L21_S10_InvocationCount" tests="7" failures="0" timestamp="17 Jan 2019 00:52:15 GMT" time="0.025" errors="0">
  <testcase name="homePageHeader_Test" time="0.000" classname="testNg.L21_S10_InvocationCount"/>
  <testcase name="homePageHeader_Test" time="0.009" classname="testNg.L21_S10_InvocationCount"/>
  <testcase name="homePageHeader_Test" time="0.016" classname="testNg.L21_S10_InvocationCount"/>
  <testcase name="homePageHeader_Test" time="0.000" classname="testNg.L21_S10_InvocationCount"/>
  <testcase name="homePageHeader_Test" time="0.000" classname="testNg.L21_S10_InvocationCount"/>
  <testcase name="homePageTitle_Test" time="0.000" classname="testNg.L21_S10_InvocationCount"/>
  <testcase name="homePageUserInfo_Test" classname="testNg.L21_S10_InvocationCount">
    <skipped/>
  </testcase> <!-- homePageUserInfo_Test -->
</testsuite> <!-- testNg.L21_S10_InvocationCount -->
