<?xml version="1.0" encoding="UTF-8"?>
<!-- Generated by org.testng.reporters.JUnitReportReporter -->
<testsuite skipped="0" hostname="LAPTOP-OJMIMCA0" name="testNg.L21_S10_TestNgAnnotations" tests="3" failures="0" timestamp="17 Jan 2019 00:31:38 GMT" time="0.018" errors="0">
  <testcase name="homePageTitle_Test" time="0.000" classname="testNg.L21_S10_TestNgAnnotations"/>
  <testcase name="homePageHeader_Test" time="0.018" classname="testNg.L21_S10_TestNgAnnotations"/>
  <testcase name="homePageUserInfo_Test" time="0.000" classname="testNg.L21_S10_TestNgAnnotations"/>
</testsuite> <!-- testNg.L21_S10_TestNgAnnotations -->
