<?xml version="1.0" encoding="UTF-8"?>
<!-- Generated by org.testng.reporters.JUnitReportReporter -->
<testsuite skipped="0" hostname="LAPTOP-OJMIMCA0" name="testNg.L21_S10_PriorityConcept" tests="3" failures="0" timestamp="17 Jan 2019 00:35:39 GMT" time="0.010" errors="0">
  <testcase name="homePageHeader_Test" time="0.010" classname="testNg.L21_S10_PriorityConcept"/>
  <testcase name="homePageUserInfo_Test" time="0.000" classname="testNg.L21_S10_PriorityConcept"/>
  <testcase name="homePageTitle_Test" time="0.000" classname="testNg.L21_S10_PriorityConcept"/>
</testsuite> <!-- testNg.L21_S10_PriorityConcept -->
